[INFO  - 2014-12-18T14:56:20.945Z] GhostDriver - Main - running on port 6963
[INFO  - 2014-12-18T14:56:21.663Z] Session [07917fa0-86c6-11e4-bf99-21e2b18b6a5f] - page.settings - {"XSSAuditingEnabled":false,"javascriptCanCloseWindows":true,"javascriptCanOpenWindows":true,"javascriptEnabled":true,"loadImages":true,"localToRemoteUrlAccessEnabled":false,"userAgent":"Mozilla/5.0 (Windows NT 6.1; WOW64) AppleWebKit/534.34 (KHTML, like Gecko) PhantomJS/1.9.8 Safari/534.34","webSecurityEnabled":true}
[INFO  - 2014-12-18T14:56:21.663Z] Session [07917fa0-86c6-11e4-bf99-21e2b18b6a5f] - page.customHeaders:  - {}
[INFO  - 2014-12-18T14:56:21.663Z] Session [07917fa0-86c6-11e4-bf99-21e2b18b6a5f] - Session.negotiatedCapabilities - {"browserName":"phantomjs","version":"1.9.8","driverName":"ghostdriver","driverVersion":"1.1.0","platform":"windows-7-32bit","javascriptEnabled":true,"takesScreenshot":true,"handlesAlerts":false,"databaseEnabled":false,"locationContextEnabled":false,"applicationCacheEnabled":false,"browserConnectionEnabled":false,"cssSelectorsEnabled":true,"webStorageEnabled":false,"rotatable":false,"acceptSslCerts":false,"nativeEvents":true,"proxy":{"proxyType":"direct"}}
[INFO  - 2014-12-18T14:56:21.664Z] SessionManagerReqHand - _postNewSessionCommand - New Session Created: 07917fa0-86c6-11e4-bf99-21e2b18b6a5f
[INFO  - 2014-12-18T14:56:32.417Z] ShutdownReqHand - _handle - About to shutdown
[INFO  - 2014-12-18T15:04:29.672Z] GhostDriver - Main - running on port 19235
[INFO  - 2014-12-18T15:04:30.217Z] Session [2ac49e20-86c7-11e4-8729-4d94549b05fd] - page.settings - {"XSSAuditingEnabled":false,"javascriptCanCloseWindows":true,"javascriptCanOpenWindows":true,"javascriptEnabled":true,"loadImages":true,"localToRemoteUrlAccessEnabled":false,"userAgent":"Mozilla/5.0 (Windows NT 6.1; WOW64) AppleWebKit/534.34 (KHTML, like Gecko) PhantomJS/1.9.8 Safari/534.34","webSecurityEnabled":true}
[INFO  - 2014-12-18T15:04:30.217Z] Session [2ac49e20-86c7-11e4-8729-4d94549b05fd] - page.customHeaders:  - {}
[INFO  - 2014-12-18T15:04:30.217Z] Session [2ac49e20-86c7-11e4-8729-4d94549b05fd] - Session.negotiatedCapabilities - {"browserName":"phantomjs","version":"1.9.8","driverName":"ghostdriver","driverVersion":"1.1.0","platform":"windows-7-32bit","javascriptEnabled":true,"takesScreenshot":true,"handlesAlerts":false,"databaseEnabled":false,"locationContextEnabled":false,"applicationCacheEnabled":false,"browserConnectionEnabled":false,"cssSelectorsEnabled":true,"webStorageEnabled":false,"rotatable":false,"acceptSslCerts":false,"nativeEvents":true,"proxy":{"proxyType":"direct"}}
[INFO  - 2014-12-18T15:04:30.217Z] SessionManagerReqHand - _postNewSessionCommand - New Session Created: 2ac49e20-86c7-11e4-8729-4d94549b05fd
[INFO  - 2014-12-18T15:04:40.532Z] ShutdownReqHand - _handle - About to shutdown
[INFO  - 2014-12-18T15:06:46.480Z] GhostDriver - Main - running on port 21259
[INFO  - 2014-12-18T15:06:47.018Z] Session [7c4f1950-86c7-11e4-8ebf-a5f0e9856f50] - page.settings - {"XSSAuditingEnabled":false,"javascriptCanCloseWindows":true,"javascriptCanOpenWindows":true,"javascriptEnabled":true,"loadImages":true,"localToRemoteUrlAccessEnabled":false,"userAgent":"Mozilla/5.0 (Windows NT 6.1; WOW64) AppleWebKit/534.34 (KHTML, like Gecko) PhantomJS/1.9.8 Safari/534.34","webSecurityEnabled":true}
[INFO  - 2014-12-18T15:06:47.019Z] Session [7c4f1950-86c7-11e4-8ebf-a5f0e9856f50] - page.customHeaders:  - {}
[INFO  - 2014-12-18T15:06:47.019Z] Session [7c4f1950-86c7-11e4-8ebf-a5f0e9856f50] - Session.negotiatedCapabilities - {"browserName":"phantomjs","version":"1.9.8","driverName":"ghostdriver","driverVersion":"1.1.0","platform":"windows-7-32bit","javascriptEnabled":true,"takesScreenshot":true,"handlesAlerts":false,"databaseEnabled":false,"locationContextEnabled":false,"applicationCacheEnabled":false,"browserConnectionEnabled":false,"cssSelectorsEnabled":true,"webStorageEnabled":false,"rotatable":false,"acceptSslCerts":false,"nativeEvents":true,"proxy":{"proxyType":"direct"}}
[INFO  - 2014-12-18T15:06:47.019Z] SessionManagerReqHand - _postNewSessionCommand - New Session Created: 7c4f1950-86c7-11e4-8ebf-a5f0e9856f50
[INFO  - 2014-12-18T15:06:52.190Z] ShutdownReqHand - _handle - About to shutdown
[INFO  - 2014-12-18T15:24:17.716Z] GhostDriver - Main - running on port 22433
[INFO  - 2014-12-18T15:24:18.323Z] Session [eeef82e0-86c9-11e4-8767-1b00fd5c793d] - page.settings - {"XSSAuditingEnabled":false,"javascriptCanCloseWindows":true,"javascriptCanOpenWindows":true,"javascriptEnabled":true,"loadImages":true,"localToRemoteUrlAccessEnabled":false,"userAgent":"Mozilla/5.0 (Windows NT 6.1; WOW64) AppleWebKit/534.34 (KHTML, like Gecko) PhantomJS/1.9.8 Safari/534.34","webSecurityEnabled":true}
[INFO  - 2014-12-18T15:24:18.323Z] Session [eeef82e0-86c9-11e4-8767-1b00fd5c793d] - page.customHeaders:  - {}
[INFO  - 2014-12-18T15:24:18.323Z] Session [eeef82e0-86c9-11e4-8767-1b00fd5c793d] - Session.negotiatedCapabilities - {"browserName":"phantomjs","version":"1.9.8","driverName":"ghostdriver","driverVersion":"1.1.0","platform":"windows-7-32bit","javascriptEnabled":true,"takesScreenshot":true,"handlesAlerts":false,"databaseEnabled":false,"locationContextEnabled":false,"applicationCacheEnabled":false,"browserConnectionEnabled":false,"cssSelectorsEnabled":true,"webStorageEnabled":false,"rotatable":false,"acceptSslCerts":false,"nativeEvents":true,"proxy":{"proxyType":"direct"}}
[INFO  - 2014-12-18T15:24:18.323Z] SessionManagerReqHand - _postNewSessionCommand - New Session Created: eeef82e0-86c9-11e4-8767-1b00fd5c793d
[INFO  - 2014-12-18T15:24:28.719Z] ShutdownReqHand - _handle - About to shutdown
[INFO  - 2014-12-18T16:17:53.313Z] GhostDriver - Main - running on port 47581
[INFO  - 2014-12-18T16:17:53.409Z] Session [6b468cb0-86d1-11e4-95f6-39f757f16899] - page.settings - {"XSSAuditingEnabled":false,"javascriptCanCloseWindows":true,"javascriptCanOpenWindows":true,"javascriptEnabled":true,"loadImages":true,"localToRemoteUrlAccessEnabled":false,"userAgent":"Mozilla/5.0 (Windows NT 6.1; WOW64) AppleWebKit/534.34 (KHTML, like Gecko) PhantomJS/1.9.8 Safari/534.34","webSecurityEnabled":true}
[INFO  - 2014-12-18T16:17:53.409Z] Session [6b468cb0-86d1-11e4-95f6-39f757f16899] - page.customHeaders:  - {}
[INFO  - 2014-12-18T16:17:53.409Z] Session [6b468cb0-86d1-11e4-95f6-39f757f16899] - Session.negotiatedCapabilities - {"browserName":"phantomjs","version":"1.9.8","driverName":"ghostdriver","driverVersion":"1.1.0","platform":"windows-7-32bit","javascriptEnabled":true,"takesScreenshot":true,"handlesAlerts":false,"databaseEnabled":false,"locationContextEnabled":false,"applicationCacheEnabled":false,"browserConnectionEnabled":false,"cssSelectorsEnabled":true,"webStorageEnabled":false,"rotatable":false,"acceptSslCerts":false,"nativeEvents":true,"proxy":{"proxyType":"direct"}}
[INFO  - 2014-12-18T16:17:53.409Z] SessionManagerReqHand - _postNewSessionCommand - New Session Created: 6b468cb0-86d1-11e4-95f6-39f757f16899
[INFO  - 2014-12-18T16:18:03.758Z] ShutdownReqHand - _handle - About to shutdown
[INFO  - 2014-12-19T21:02:59.045Z] GhostDriver - Main - running on port 25533
[INFO  - 2014-12-19T21:02:59.288Z] Session [69967230-87c2-11e4-b81e-f17f14c7bb7a] - page.settings - {"XSSAuditingEnabled":false,"javascriptCanCloseWindows":true,"javascriptCanOpenWindows":true,"javascriptEnabled":true,"loadImages":true,"localToRemoteUrlAccessEnabled":false,"userAgent":"Mozilla/5.0 (Windows NT 6.1; WOW64) AppleWebKit/534.34 (KHTML, like Gecko) PhantomJS/1.9.8 Safari/534.34","webSecurityEnabled":true}
[INFO  - 2014-12-19T21:02:59.288Z] Session [69967230-87c2-11e4-b81e-f17f14c7bb7a] - page.customHeaders:  - {}
[INFO  - 2014-12-19T21:02:59.288Z] Session [69967230-87c2-11e4-b81e-f17f14c7bb7a] - Session.negotiatedCapabilities - {"browserName":"phantomjs","version":"1.9.8","driverName":"ghostdriver","driverVersion":"1.1.0","platform":"windows-7-32bit","javascriptEnabled":true,"takesScreenshot":true,"handlesAlerts":false,"databaseEnabled":false,"locationContextEnabled":false,"applicationCacheEnabled":false,"browserConnectionEnabled":false,"cssSelectorsEnabled":true,"webStorageEnabled":false,"rotatable":false,"acceptSslCerts":false,"nativeEvents":true,"proxy":{"proxyType":"direct"}}
[INFO  - 2014-12-19T21:02:59.289Z] SessionManagerReqHand - _postNewSessionCommand - New Session Created: 69967230-87c2-11e4-b81e-f17f14c7bb7a
[INFO  - 2014-12-19T21:03:09.910Z] ShutdownReqHand - _handle - About to shutdown
[INFO  - 2014-12-19T21:04:33.656Z] GhostDriver - Main - running on port 38542
[INFO  - 2014-12-19T21:04:34.236Z] Session [a22e5c70-87c2-11e4-9ab1-f520fcc634b2] - page.settings - {"XSSAuditingEnabled":false,"javascriptCanCloseWindows":true,"javascriptCanOpenWindows":true,"javascriptEnabled":true,"loadImages":true,"localToRemoteUrlAccessEnabled":false,"userAgent":"Mozilla/5.0 (Windows NT 6.1; WOW64) AppleWebKit/534.34 (KHTML, like Gecko) PhantomJS/1.9.8 Safari/534.34","webSecurityEnabled":true}
[INFO  - 2014-12-19T21:04:34.236Z] Session [a22e5c70-87c2-11e4-9ab1-f520fcc634b2] - page.customHeaders:  - {}
[INFO  - 2014-12-19T21:04:34.236Z] Session [a22e5c70-87c2-11e4-9ab1-f520fcc634b2] - Session.negotiatedCapabilities - {"browserName":"phantomjs","version":"1.9.8","driverName":"ghostdriver","driverVersion":"1.1.0","platform":"windows-7-32bit","javascriptEnabled":true,"takesScreenshot":true,"handlesAlerts":false,"databaseEnabled":false,"locationContextEnabled":false,"applicationCacheEnabled":false,"browserConnectionEnabled":false,"cssSelectorsEnabled":true,"webStorageEnabled":false,"rotatable":false,"acceptSslCerts":false,"nativeEvents":true,"proxy":{"proxyType":"direct"}}
[INFO  - 2014-12-19T21:04:34.236Z] SessionManagerReqHand - _postNewSessionCommand - New Session Created: a22e5c70-87c2-11e4-9ab1-f520fcc634b2
[INFO  - 2014-12-19T21:04:44.744Z] ShutdownReqHand - _handle - About to shutdown
[INFO  - 2014-12-19T21:04:51.889Z] GhostDriver - Main - running on port 13640
[INFO  - 2014-12-19T21:04:52.446Z] Session [ad08fc90-87c2-11e4-8918-f70aa9c72fc1] - page.settings - {"XSSAuditingEnabled":false,"javascriptCanCloseWindows":true,"javascriptCanOpenWindows":true,"javascriptEnabled":true,"loadImages":true,"localToRemoteUrlAccessEnabled":false,"userAgent":"Mozilla/5.0 (Windows NT 6.1; WOW64) AppleWebKit/534.34 (KHTML, like Gecko) PhantomJS/1.9.8 Safari/534.34","webSecurityEnabled":true}
[INFO  - 2014-12-19T21:04:52.446Z] Session [ad08fc90-87c2-11e4-8918-f70aa9c72fc1] - page.customHeaders:  - {}
[INFO  - 2014-12-19T21:04:52.446Z] Session [ad08fc90-87c2-11e4-8918-f70aa9c72fc1] - Session.negotiatedCapabilities - {"browserName":"phantomjs","version":"1.9.8","driverName":"ghostdriver","driverVersion":"1.1.0","platform":"windows-7-32bit","javascriptEnabled":true,"takesScreenshot":true,"handlesAlerts":false,"databaseEnabled":false,"locationContextEnabled":false,"applicationCacheEnabled":false,"browserConnectionEnabled":false,"cssSelectorsEnabled":true,"webStorageEnabled":false,"rotatable":false,"acceptSslCerts":false,"nativeEvents":true,"proxy":{"proxyType":"direct"}}
[INFO  - 2014-12-19T21:04:52.446Z] SessionManagerReqHand - _postNewSessionCommand - New Session Created: ad08fc90-87c2-11e4-8918-f70aa9c72fc1
[INFO  - 2014-12-19T21:05:02.940Z] ShutdownReqHand - _handle - About to shutdown
[INFO  - 2014-12-19T21:05:08.840Z] GhostDriver - Main - running on port 22219
[INFO  - 2014-12-19T21:05:09.444Z] Session [b72aacf0-87c2-11e4-bd2a-55b9ca967994] - page.settings - {"XSSAuditingEnabled":false,"javascriptCanCloseWindows":true,"javascriptCanOpenWindows":true,"javascriptEnabled":true,"loadImages":true,"localToRemoteUrlAccessEnabled":false,"userAgent":"Mozilla/5.0 (Windows NT 6.1; WOW64) AppleWebKit/534.34 (KHTML, like Gecko) PhantomJS/1.9.8 Safari/534.34","webSecurityEnabled":true}
[INFO  - 2014-12-19T21:05:09.445Z] Session [b72aacf0-87c2-11e4-bd2a-55b9ca967994] - page.customHeaders:  - {}
[INFO  - 2014-12-19T21:05:09.445Z] Session [b72aacf0-87c2-11e4-bd2a-55b9ca967994] - Session.negotiatedCapabilities - {"browserName":"phantomjs","version":"1.9.8","driverName":"ghostdriver","driverVersion":"1.1.0","platform":"windows-7-32bit","javascriptEnabled":true,"takesScreenshot":true,"handlesAlerts":false,"databaseEnabled":false,"locationContextEnabled":false,"applicationCacheEnabled":false,"browserConnectionEnabled":false,"cssSelectorsEnabled":true,"webStorageEnabled":false,"rotatable":false,"acceptSslCerts":false,"nativeEvents":true,"proxy":{"proxyType":"direct"}}
[INFO  - 2014-12-19T21:05:09.445Z] SessionManagerReqHand - _postNewSessionCommand - New Session Created: b72aacf0-87c2-11e4-bd2a-55b9ca967994
[INFO  - 2014-12-19T21:05:19.989Z] ShutdownReqHand - _handle - About to shutdown
[INFO  - 2014-12-19T21:07:14.829Z] GhostDriver - Main - running on port 8376
[INFO  - 2014-12-19T21:07:15.418Z] Session [0240c850-87c3-11e4-8a57-1552f8777789] - page.settings - {"XSSAuditingEnabled":false,"javascriptCanCloseWindows":true,"javascriptCanOpenWindows":true,"javascriptEnabled":true,"loadImages":true,"localToRemoteUrlAccessEnabled":false,"userAgent":"Mozilla/5.0 (Windows NT 6.1; WOW64) AppleWebKit/534.34 (KHTML, like Gecko) PhantomJS/1.9.8 Safari/534.34","webSecurityEnabled":true}
[INFO  - 2014-12-19T21:07:15.418Z] Session [0240c850-87c3-11e4-8a57-1552f8777789] - page.customHeaders:  - {}
[INFO  - 2014-12-19T21:07:15.418Z] Session [0240c850-87c3-11e4-8a57-1552f8777789] - Session.negotiatedCapabilities - {"browserName":"phantomjs","version":"1.9.8","driverName":"ghostdriver","driverVersion":"1.1.0","platform":"windows-7-32bit","javascriptEnabled":true,"takesScreenshot":true,"handlesAlerts":false,"databaseEnabled":false,"locationContextEnabled":false,"applicationCacheEnabled":false,"browserConnectionEnabled":false,"cssSelectorsEnabled":true,"webStorageEnabled":false,"rotatable":false,"acceptSslCerts":false,"nativeEvents":true,"proxy":{"proxyType":"direct"}}
[INFO  - 2014-12-19T21:07:15.418Z] SessionManagerReqHand - _postNewSessionCommand - New Session Created: 0240c850-87c3-11e4-8a57-1552f8777789
[INFO  - 2014-12-19T21:07:25.880Z] ShutdownReqHand - _handle - About to shutdown
[INFO  - 2014-12-19T21:08:06.175Z] GhostDriver - Main - running on port 44189
[INFO  - 2014-12-19T21:08:06.769Z] Session [20dc52c0-87c3-11e4-b237-5b3409656fc5] - page.settings - {"XSSAuditingEnabled":false,"javascriptCanCloseWindows":true,"javascriptCanOpenWindows":true,"javascriptEnabled":true,"loadImages":true,"localToRemoteUrlAccessEnabled":false,"userAgent":"Mozilla/5.0 (Windows NT 6.1; WOW64) AppleWebKit/534.34 (KHTML, like Gecko) PhantomJS/1.9.8 Safari/534.34","webSecurityEnabled":true}
[INFO  - 2014-12-19T21:08:06.769Z] Session [20dc52c0-87c3-11e4-b237-5b3409656fc5] - page.customHeaders:  - {}
[INFO  - 2014-12-19T21:08:06.769Z] Session [20dc52c0-87c3-11e4-b237-5b3409656fc5] - Session.negotiatedCapabilities - {"browserName":"phantomjs","version":"1.9.8","driverName":"ghostdriver","driverVersion":"1.1.0","platform":"windows-7-32bit","javascriptEnabled":true,"takesScreenshot":true,"handlesAlerts":false,"databaseEnabled":false,"locationContextEnabled":false,"applicationCacheEnabled":false,"browserConnectionEnabled":false,"cssSelectorsEnabled":true,"webStorageEnabled":false,"rotatable":false,"acceptSslCerts":false,"nativeEvents":true,"proxy":{"proxyType":"direct"}}
[INFO  - 2014-12-19T21:08:06.770Z] SessionManagerReqHand - _postNewSessionCommand - New Session Created: 20dc52c0-87c3-11e4-b237-5b3409656fc5
[INFO  - 2014-12-19T21:08:17.261Z] ShutdownReqHand - _handle - About to shutdown
[INFO  - 2014-12-19T21:09:53.696Z] GhostDriver - Main - running on port 30138
[INFO  - 2014-12-19T21:09:54.269Z] Session [60ef8580-87c3-11e4-ae95-b74d8c947413] - page.settings - {"XSSAuditingEnabled":false,"javascriptCanCloseWindows":true,"javascriptCanOpenWindows":true,"javascriptEnabled":true,"loadImages":true,"localToRemoteUrlAccessEnabled":false,"userAgent":"Mozilla/5.0 (Windows NT 6.1; WOW64) AppleWebKit/534.34 (KHTML, like Gecko) PhantomJS/1.9.8 Safari/534.34","webSecurityEnabled":true}
[INFO  - 2014-12-19T21:09:54.269Z] Session [60ef8580-87c3-11e4-ae95-b74d8c947413] - page.customHeaders:  - {}
[INFO  - 2014-12-19T21:09:54.269Z] Session [60ef8580-87c3-11e4-ae95-b74d8c947413] - Session.negotiatedCapabilities - {"browserName":"phantomjs","version":"1.9.8","driverName":"ghostdriver","driverVersion":"1.1.0","platform":"windows-7-32bit","javascriptEnabled":true,"takesScreenshot":true,"handlesAlerts":false,"databaseEnabled":false,"locationContextEnabled":false,"applicationCacheEnabled":false,"browserConnectionEnabled":false,"cssSelectorsEnabled":true,"webStorageEnabled":false,"rotatable":false,"acceptSslCerts":false,"nativeEvents":true,"proxy":{"proxyType":"direct"}}
[INFO  - 2014-12-19T21:09:54.269Z] SessionManagerReqHand - _postNewSessionCommand - New Session Created: 60ef8580-87c3-11e4-ae95-b74d8c947413
[INFO  - 2014-12-19T21:10:04.915Z] ShutdownReqHand - _handle - About to shutdown
[INFO  - 2014-12-19T21:10:10.367Z] GhostDriver - Main - running on port 7163
[INFO  - 2014-12-19T21:10:10.949Z] Session [6ae0b000-87c3-11e4-bcc5-ad7bc52a7b0b] - page.settings - {"XSSAuditingEnabled":false,"javascriptCanCloseWindows":true,"javascriptCanOpenWindows":true,"javascriptEnabled":true,"loadImages":true,"localToRemoteUrlAccessEnabled":false,"userAgent":"Mozilla/5.0 (Windows NT 6.1; WOW64) AppleWebKit/534.34 (KHTML, like Gecko) PhantomJS/1.9.8 Safari/534.34","webSecurityEnabled":true}
[INFO  - 2014-12-19T21:10:10.949Z] Session [6ae0b000-87c3-11e4-bcc5-ad7bc52a7b0b] - page.customHeaders:  - {}
[INFO  - 2014-12-19T21:10:10.949Z] Session [6ae0b000-87c3-11e4-bcc5-ad7bc52a7b0b] - Session.negotiatedCapabilities - {"browserName":"phantomjs","version":"1.9.8","driverName":"ghostdriver","driverVersion":"1.1.0","platform":"windows-7-32bit","javascriptEnabled":true,"takesScreenshot":true,"handlesAlerts":false,"databaseEnabled":false,"locationContextEnabled":false,"applicationCacheEnabled":false,"browserConnectionEnabled":false,"cssSelectorsEnabled":true,"webStorageEnabled":false,"rotatable":false,"acceptSslCerts":false,"nativeEvents":true,"proxy":{"proxyType":"direct"}}
[INFO  - 2014-12-19T21:10:10.949Z] SessionManagerReqHand - _postNewSessionCommand - New Session Created: 6ae0b000-87c3-11e4-bcc5-ad7bc52a7b0b
[INFO  - 2014-12-19T21:10:21.438Z] ShutdownReqHand - _handle - About to shutdown
[INFO  - 2014-12-19T21:10:30.562Z] GhostDriver - Main - running on port 36386
[INFO  - 2014-12-19T21:10:31.154Z] Session [76ebe0e0-87c3-11e4-a2c8-7942fb647eb8] - page.settings - {"XSSAuditingEnabled":false,"javascriptCanCloseWindows":true,"javascriptCanOpenWindows":true,"javascriptEnabled":true,"loadImages":true,"localToRemoteUrlAccessEnabled":false,"userAgent":"Mozilla/5.0 (Windows NT 6.1; WOW64) AppleWebKit/534.34 (KHTML, like Gecko) PhantomJS/1.9.8 Safari/534.34","webSecurityEnabled":true}
[INFO  - 2014-12-19T21:10:31.154Z] Session [76ebe0e0-87c3-11e4-a2c8-7942fb647eb8] - page.customHeaders:  - {}
[INFO  - 2014-12-19T21:10:31.155Z] Session [76ebe0e0-87c3-11e4-a2c8-7942fb647eb8] - Session.negotiatedCapabilities - {"browserName":"phantomjs","version":"1.9.8","driverName":"ghostdriver","driverVersion":"1.1.0","platform":"windows-7-32bit","javascriptEnabled":true,"takesScreenshot":true,"handlesAlerts":false,"databaseEnabled":false,"locationContextEnabled":false,"applicationCacheEnabled":false,"browserConnectionEnabled":false,"cssSelectorsEnabled":true,"webStorageEnabled":false,"rotatable":false,"acceptSslCerts":false,"nativeEvents":true,"proxy":{"proxyType":"direct"}}
[INFO  - 2014-12-19T21:10:31.155Z] SessionManagerReqHand - _postNewSessionCommand - New Session Created: 76ebe0e0-87c3-11e4-a2c8-7942fb647eb8
[INFO  - 2014-12-19T21:10:41.637Z] ShutdownReqHand - _handle - About to shutdown
[INFO  - 2014-12-19T21:10:47.887Z] GhostDriver - Main - running on port 1938
[INFO  - 2014-12-19T21:10:48.502Z] Session [81425ce0-87c3-11e4-a2fb-9f97de7f79d9] - page.settings - {"XSSAuditingEnabled":false,"javascriptCanCloseWindows":true,"javascriptCanOpenWindows":true,"javascriptEnabled":true,"loadImages":true,"localToRemoteUrlAccessEnabled":false,"userAgent":"Mozilla/5.0 (Windows NT 6.1; WOW64) AppleWebKit/534.34 (KHTML, like Gecko) PhantomJS/1.9.8 Safari/534.34","webSecurityEnabled":true}
[INFO  - 2014-12-19T21:10:48.502Z] Session [81425ce0-87c3-11e4-a2fb-9f97de7f79d9] - page.customHeaders:  - {}
[INFO  - 2014-12-19T21:10:48.502Z] Session [81425ce0-87c3-11e4-a2fb-9f97de7f79d9] - Session.negotiatedCapabilities - {"browserName":"phantomjs","version":"1.9.8","driverName":"ghostdriver","driverVersion":"1.1.0","platform":"windows-7-32bit","javascriptEnabled":true,"takesScreenshot":true,"handlesAlerts":false,"databaseEnabled":false,"locationContextEnabled":false,"applicationCacheEnabled":false,"browserConnectionEnabled":false,"cssSelectorsEnabled":true,"webStorageEnabled":false,"rotatable":false,"acceptSslCerts":false,"nativeEvents":true,"proxy":{"proxyType":"direct"}}
[INFO  - 2014-12-19T21:10:48.502Z] SessionManagerReqHand - _postNewSessionCommand - New Session Created: 81425ce0-87c3-11e4-a2fb-9f97de7f79d9
[INFO  - 2014-12-19T21:10:59.033Z] ShutdownReqHand - _handle - About to shutdown
[INFO  - 2014-12-20T15:55:11.954Z] GhostDriver - Main - running on port 39199
[INFO  - 2014-12-20T15:55:12.870Z] Session [95281ef0-8860-11e4-94dc-195e542bd718] - page.settings - {"XSSAuditingEnabled":false,"javascriptCanCloseWindows":true,"javascriptCanOpenWindows":true,"javascriptEnabled":true,"loadImages":true,"localToRemoteUrlAccessEnabled":false,"userAgent":"Mozilla/5.0 (Windows NT 6.1; WOW64) AppleWebKit/534.34 (KHTML, like Gecko) PhantomJS/1.9.8 Safari/534.34","webSecurityEnabled":true}
[INFO  - 2014-12-20T15:55:12.870Z] Session [95281ef0-8860-11e4-94dc-195e542bd718] - page.customHeaders:  - {}
[INFO  - 2014-12-20T15:55:12.870Z] Session [95281ef0-8860-11e4-94dc-195e542bd718] - Session.negotiatedCapabilities - {"browserName":"phantomjs","version":"1.9.8","driverName":"ghostdriver","driverVersion":"1.1.0","platform":"windows-7-32bit","javascriptEnabled":true,"takesScreenshot":true,"handlesAlerts":false,"databaseEnabled":false,"locationContextEnabled":false,"applicationCacheEnabled":false,"browserConnectionEnabled":false,"cssSelectorsEnabled":true,"webStorageEnabled":false,"rotatable":false,"acceptSslCerts":false,"nativeEvents":true,"proxy":{"proxyType":"direct"}}
[INFO  - 2014-12-20T15:55:12.870Z] SessionManagerReqHand - _postNewSessionCommand - New Session Created: 95281ef0-8860-11e4-94dc-195e542bd718
[INFO  - 2014-12-20T15:55:23.473Z] ShutdownReqHand - _handle - About to shutdown
[INFO  - 2014-12-20T15:56:37.885Z] GhostDriver - Main - running on port 45937
[INFO  - 2014-12-20T15:56:38.154Z] Session [c7fd4620-8860-11e4-af97-71290ce80e43] - page.settings - {"XSSAuditingEnabled":false,"javascriptCanCloseWindows":true,"javascriptCanOpenWindows":true,"javascriptEnabled":true,"loadImages":true,"localToRemoteUrlAccessEnabled":false,"userAgent":"Mozilla/5.0 (Windows NT 6.1; WOW64) AppleWebKit/534.34 (KHTML, like Gecko) PhantomJS/1.9.8 Safari/534.34","webSecurityEnabled":true}
[INFO  - 2014-12-20T15:56:38.154Z] Session [c7fd4620-8860-11e4-af97-71290ce80e43] - page.customHeaders:  - {}
[INFO  - 2014-12-20T15:56:38.154Z] Session [c7fd4620-8860-11e4-af97-71290ce80e43] - Session.negotiatedCapabilities - {"browserName":"phantomjs","version":"1.9.8","driverName":"ghostdriver","driverVersion":"1.1.0","platform":"windows-7-32bit","javascriptEnabled":true,"takesScreenshot":true,"handlesAlerts":false,"databaseEnabled":false,"locationContextEnabled":false,"applicationCacheEnabled":false,"browserConnectionEnabled":false,"cssSelectorsEnabled":true,"webStorageEnabled":false,"rotatable":false,"acceptSslCerts":false,"nativeEvents":true,"proxy":{"proxyType":"direct"}}
[INFO  - 2014-12-20T15:56:38.154Z] SessionManagerReqHand - _postNewSessionCommand - New Session Created: c7fd4620-8860-11e4-af97-71290ce80e43
[INFO  - 2014-12-20T15:56:48.847Z] ShutdownReqHand - _handle - About to shutdown
[INFO  - 2014-12-20T15:57:01.377Z] GhostDriver - Main - running on port 22315
[INFO  - 2014-12-20T15:57:01.693Z] Session [d6053160-8860-11e4-ac09-bdcee13b807a] - page.settings - {"XSSAuditingEnabled":false,"javascriptCanCloseWindows":true,"javascriptCanOpenWindows":true,"javascriptEnabled":true,"loadImages":true,"localToRemoteUrlAccessEnabled":false,"userAgent":"Mozilla/5.0 (Windows NT 6.1; WOW64) AppleWebKit/534.34 (KHTML, like Gecko) PhantomJS/1.9.8 Safari/534.34","webSecurityEnabled":true}
[INFO  - 2014-12-20T15:57:01.693Z] Session [d6053160-8860-11e4-ac09-bdcee13b807a] - page.customHeaders:  - {}
[INFO  - 2014-12-20T15:57:01.693Z] Session [d6053160-8860-11e4-ac09-bdcee13b807a] - Session.negotiatedCapabilities - {"browserName":"phantomjs","version":"1.9.8","driverName":"ghostdriver","driverVersion":"1.1.0","platform":"windows-7-32bit","javascriptEnabled":true,"takesScreenshot":true,"handlesAlerts":false,"databaseEnabled":false,"locationContextEnabled":false,"applicationCacheEnabled":false,"browserConnectionEnabled":false,"cssSelectorsEnabled":true,"webStorageEnabled":false,"rotatable":false,"acceptSslCerts":false,"nativeEvents":true,"proxy":{"proxyType":"direct"}}
[INFO  - 2014-12-20T15:57:01.693Z] SessionManagerReqHand - _postNewSessionCommand - New Session Created: d6053160-8860-11e4-ac09-bdcee13b807a
[INFO  - 2014-12-20T15:57:12.302Z] ShutdownReqHand - _handle - About to shutdown
[INFO  - 2014-12-20T15:57:39.097Z] GhostDriver - Main - running on port 34010
[INFO  - 2014-12-20T15:57:39.596Z] Session [ec9ce260-8860-11e4-9669-b17b4faa29fe] - page.settings - {"XSSAuditingEnabled":false,"javascriptCanCloseWindows":true,"javascriptCanOpenWindows":true,"javascriptEnabled":true,"loadImages":true,"localToRemoteUrlAccessEnabled":false,"userAgent":"Mozilla/5.0 (Windows NT 6.1; WOW64) AppleWebKit/534.34 (KHTML, like Gecko) PhantomJS/1.9.8 Safari/534.34","webSecurityEnabled":true}
[INFO  - 2014-12-20T15:57:39.596Z] Session [ec9ce260-8860-11e4-9669-b17b4faa29fe] - page.customHeaders:  - {}
[INFO  - 2014-12-20T15:57:39.596Z] Session [ec9ce260-8860-11e4-9669-b17b4faa29fe] - Session.negotiatedCapabilities - {"browserName":"phantomjs","version":"1.9.8","driverName":"ghostdriver","driverVersion":"1.1.0","platform":"windows-7-32bit","javascriptEnabled":true,"takesScreenshot":true,"handlesAlerts":false,"databaseEnabled":false,"locationContextEnabled":false,"applicationCacheEnabled":false,"browserConnectionEnabled":false,"cssSelectorsEnabled":true,"webStorageEnabled":false,"rotatable":false,"acceptSslCerts":false,"nativeEvents":true,"proxy":{"proxyType":"direct"}}
[INFO  - 2014-12-20T15:57:39.596Z] SessionManagerReqHand - _postNewSessionCommand - New Session Created: ec9ce260-8860-11e4-9669-b17b4faa29fe
[INFO  - 2014-12-20T15:57:50.162Z] ShutdownReqHand - _handle - About to shutdown
[INFO  - 2014-12-20T16:54:31.809Z] GhostDriver - Main - running on port 23170
[INFO  - 2014-12-20T16:54:32.228Z] Session [deb333e0-8868-11e4-b375-953be6d119b9] - page.settings - {"XSSAuditingEnabled":false,"javascriptCanCloseWindows":true,"javascriptCanOpenWindows":true,"javascriptEnabled":true,"loadImages":true,"localToRemoteUrlAccessEnabled":false,"userAgent":"Mozilla/5.0 (Windows NT 6.1; WOW64) AppleWebKit/534.34 (KHTML, like Gecko) PhantomJS/1.9.8 Safari/534.34","webSecurityEnabled":true}
[INFO  - 2014-12-20T16:54:32.228Z] Session [deb333e0-8868-11e4-b375-953be6d119b9] - page.customHeaders:  - {}
[INFO  - 2014-12-20T16:54:32.228Z] Session [deb333e0-8868-11e4-b375-953be6d119b9] - Session.negotiatedCapabilities - {"browserName":"phantomjs","version":"1.9.8","driverName":"ghostdriver","driverVersion":"1.1.0","platform":"windows-7-32bit","javascriptEnabled":true,"takesScreenshot":true,"handlesAlerts":false,"databaseEnabled":false,"locationContextEnabled":false,"applicationCacheEnabled":false,"browserConnectionEnabled":false,"cssSelectorsEnabled":true,"webStorageEnabled":false,"rotatable":false,"acceptSslCerts":false,"nativeEvents":true,"proxy":{"proxyType":"direct"}}
[INFO  - 2014-12-20T16:54:32.228Z] SessionManagerReqHand - _postNewSessionCommand - New Session Created: deb333e0-8868-11e4-b375-953be6d119b9
[INFO  - 2014-12-20T16:54:42.743Z] ShutdownReqHand - _handle - About to shutdown
[INFO  - 2014-12-20T21:31:17.213Z] GhostDriver - Main - running on port 45664
[INFO  - 2014-12-20T21:31:17.811Z] Session [88663ce0-888f-11e4-8d0c-e9eeac13fd83] - page.settings - {"XSSAuditingEnabled":false,"javascriptCanCloseWindows":true,"javascriptCanOpenWindows":true,"javascriptEnabled":true,"loadImages":true,"localToRemoteUrlAccessEnabled":false,"userAgent":"Mozilla/5.0 (Windows NT 6.1; WOW64) AppleWebKit/534.34 (KHTML, like Gecko) PhantomJS/1.9.8 Safari/534.34","webSecurityEnabled":true}
[INFO  - 2014-12-20T21:31:17.811Z] Session [88663ce0-888f-11e4-8d0c-e9eeac13fd83] - page.customHeaders:  - {}
[INFO  - 2014-12-20T21:31:17.811Z] Session [88663ce0-888f-11e4-8d0c-e9eeac13fd83] - Session.negotiatedCapabilities - {"browserName":"phantomjs","version":"1.9.8","driverName":"ghostdriver","driverVersion":"1.1.0","platform":"windows-7-32bit","javascriptEnabled":true,"takesScreenshot":true,"handlesAlerts":false,"databaseEnabled":false,"locationContextEnabled":false,"applicationCacheEnabled":false,"browserConnectionEnabled":false,"cssSelectorsEnabled":true,"webStorageEnabled":false,"rotatable":false,"acceptSslCerts":false,"nativeEvents":true,"proxy":{"proxyType":"direct"}}
[INFO  - 2014-12-20T21:31:17.811Z] SessionManagerReqHand - _postNewSessionCommand - New Session Created: 88663ce0-888f-11e4-8d0c-e9eeac13fd83
[INFO  - 2014-12-20T21:31:28.318Z] ShutdownReqHand - _handle - About to shutdown
[INFO  - 2014-12-20T21:46:42.221Z] GhostDriver - Main - running on port 48670
[INFO  - 2014-12-20T21:46:42.827Z] Session [afc07a60-8891-11e4-89f3-215a010e5afc] - page.settings - {"XSSAuditingEnabled":false,"javascriptCanCloseWindows":true,"javascriptCanOpenWindows":true,"javascriptEnabled":true,"loadImages":true,"localToRemoteUrlAccessEnabled":false,"userAgent":"Mozilla/5.0 (Windows NT 6.1; WOW64) AppleWebKit/534.34 (KHTML, like Gecko) PhantomJS/1.9.8 Safari/534.34","webSecurityEnabled":true}
[INFO  - 2014-12-20T21:46:42.827Z] Session [afc07a60-8891-11e4-89f3-215a010e5afc] - page.customHeaders:  - {}
[INFO  - 2014-12-20T21:46:42.827Z] Session [afc07a60-8891-11e4-89f3-215a010e5afc] - Session.negotiatedCapabilities - {"browserName":"phantomjs","version":"1.9.8","driverName":"ghostdriver","driverVersion":"1.1.0","platform":"windows-7-32bit","javascriptEnabled":true,"takesScreenshot":true,"handlesAlerts":false,"databaseEnabled":false,"locationContextEnabled":false,"applicationCacheEnabled":false,"browserConnectionEnabled":false,"cssSelectorsEnabled":true,"webStorageEnabled":false,"rotatable":false,"acceptSslCerts":false,"nativeEvents":true,"proxy":{"proxyType":"direct"}}
[INFO  - 2014-12-20T21:46:42.827Z] SessionManagerReqHand - _postNewSessionCommand - New Session Created: afc07a60-8891-11e4-89f3-215a010e5afc
[INFO  - 2014-12-20T22:09:37.815Z] GhostDriver - Main - running on port 32131
[INFO  - 2014-12-20T22:09:38.325Z] Session [e39cd100-8894-11e4-b12d-c118405675c6] - page.settings - {"XSSAuditingEnabled":false,"javascriptCanCloseWindows":true,"javascriptCanOpenWindows":true,"javascriptEnabled":true,"loadImages":true,"localToRemoteUrlAccessEnabled":false,"userAgent":"Mozilla/5.0 (Windows NT 6.1; WOW64) AppleWebKit/534.34 (KHTML, like Gecko) PhantomJS/1.9.8 Safari/534.34","webSecurityEnabled":true}
[INFO  - 2014-12-20T22:09:38.325Z] Session [e39cd100-8894-11e4-b12d-c118405675c6] - page.customHeaders:  - {}
[INFO  - 2014-12-20T22:09:38.325Z] Session [e39cd100-8894-11e4-b12d-c118405675c6] - Session.negotiatedCapabilities - {"browserName":"phantomjs","version":"1.9.8","driverName":"ghostdriver","driverVersion":"1.1.0","platform":"windows-7-32bit","javascriptEnabled":true,"takesScreenshot":true,"handlesAlerts":false,"databaseEnabled":false,"locationContextEnabled":false,"applicationCacheEnabled":false,"browserConnectionEnabled":false,"cssSelectorsEnabled":true,"webStorageEnabled":false,"rotatable":false,"acceptSslCerts":false,"nativeEvents":true,"proxy":{"proxyType":"direct"}}
[INFO  - 2014-12-20T22:09:38.325Z] SessionManagerReqHand - _postNewSessionCommand - New Session Created: e39cd100-8894-11e4-b12d-c118405675c6
[INFO  - 2014-12-20T22:12:46.333Z] GhostDriver - Main - running on port 13111
[INFO  - 2014-12-20T22:12:46.873Z] Session [53fece30-8895-11e4-b58d-8d9f656fc60f] - page.settings - {"XSSAuditingEnabled":false,"javascriptCanCloseWindows":true,"javascriptCanOpenWindows":true,"javascriptEnabled":true,"loadImages":true,"localToRemoteUrlAccessEnabled":false,"userAgent":"Mozilla/5.0 (Windows NT 6.1; WOW64) AppleWebKit/534.34 (KHTML, like Gecko) PhantomJS/1.9.8 Safari/534.34","webSecurityEnabled":true}
[INFO  - 2014-12-20T22:12:46.873Z] Session [53fece30-8895-11e4-b58d-8d9f656fc60f] - page.customHeaders:  - {}
[INFO  - 2014-12-20T22:12:46.873Z] Session [53fece30-8895-11e4-b58d-8d9f656fc60f] - Session.negotiatedCapabilities - {"browserName":"phantomjs","version":"1.9.8","driverName":"ghostdriver","driverVersion":"1.1.0","platform":"windows-7-32bit","javascriptEnabled":true,"takesScreenshot":true,"handlesAlerts":false,"databaseEnabled":false,"locationContextEnabled":false,"applicationCacheEnabled":false,"browserConnectionEnabled":false,"cssSelectorsEnabled":true,"webStorageEnabled":false,"rotatable":false,"acceptSslCerts":false,"nativeEvents":true,"proxy":{"proxyType":"direct"}}
[INFO  - 2014-12-20T22:12:46.874Z] SessionManagerReqHand - _postNewSessionCommand - New Session Created: 53fece30-8895-11e4-b58d-8d9f656fc60f
[INFO  - 2014-12-20T22:12:57.437Z] ShutdownReqHand - _handle - About to shutdown
[INFO  - 2014-12-20T22:18:30.857Z] GhostDriver - Main - running on port 15668
[INFO  - 2014-12-20T22:18:31.403Z] Session [2159e950-8896-11e4-b2a0-edc40f847d96] - page.settings - {"XSSAuditingEnabled":false,"javascriptCanCloseWindows":true,"javascriptCanOpenWindows":true,"javascriptEnabled":true,"loadImages":true,"localToRemoteUrlAccessEnabled":false,"userAgent":"Mozilla/5.0 (Windows NT 6.1; WOW64) AppleWebKit/534.34 (KHTML, like Gecko) PhantomJS/1.9.8 Safari/534.34","webSecurityEnabled":true}
[INFO  - 2014-12-20T22:18:31.403Z] Session [2159e950-8896-11e4-b2a0-edc40f847d96] - page.customHeaders:  - {}
[INFO  - 2014-12-20T22:18:31.403Z] Session [2159e950-8896-11e4-b2a0-edc40f847d96] - Session.negotiatedCapabilities - {"browserName":"phantomjs","version":"1.9.8","driverName":"ghostdriver","driverVersion":"1.1.0","platform":"windows-7-32bit","javascriptEnabled":true,"takesScreenshot":true,"handlesAlerts":false,"databaseEnabled":false,"locationContextEnabled":false,"applicationCacheEnabled":false,"browserConnectionEnabled":false,"cssSelectorsEnabled":true,"webStorageEnabled":false,"rotatable":false,"acceptSslCerts":false,"nativeEvents":true,"proxy":{"proxyType":"direct"}}
[INFO  - 2014-12-20T22:18:31.403Z] SessionManagerReqHand - _postNewSessionCommand - New Session Created: 2159e950-8896-11e4-b2a0-edc40f847d96
[INFO  - 2014-12-20T22:18:41.939Z] ShutdownReqHand - _handle - About to shutdown
[INFO  - 2014-12-22T12:07:43.189Z] GhostDriver - Main - running on port 37429
[INFO  - 2014-12-22T12:07:43.674Z] Session [226de650-89d3-11e4-9513-432947359aff] - page.settings - {"XSSAuditingEnabled":false,"javascriptCanCloseWindows":true,"javascriptCanOpenWindows":true,"javascriptEnabled":true,"loadImages":true,"localToRemoteUrlAccessEnabled":false,"userAgent":"Mozilla/5.0 (Windows NT 6.1; WOW64) AppleWebKit/534.34 (KHTML, like Gecko) PhantomJS/1.9.8 Safari/534.34","webSecurityEnabled":true}
[INFO  - 2014-12-22T12:07:43.674Z] Session [226de650-89d3-11e4-9513-432947359aff] - page.customHeaders:  - {}
[INFO  - 2014-12-22T12:07:43.674Z] Session [226de650-89d3-11e4-9513-432947359aff] - Session.negotiatedCapabilities - {"browserName":"phantomjs","version":"1.9.8","driverName":"ghostdriver","driverVersion":"1.1.0","platform":"windows-7-32bit","javascriptEnabled":true,"takesScreenshot":true,"handlesAlerts":false,"databaseEnabled":false,"locationContextEnabled":false,"applicationCacheEnabled":false,"browserConnectionEnabled":false,"cssSelectorsEnabled":true,"webStorageEnabled":false,"rotatable":false,"acceptSslCerts":false,"nativeEvents":true,"proxy":{"proxyType":"direct"}}
[INFO  - 2014-12-22T12:07:43.674Z] SessionManagerReqHand - _postNewSessionCommand - New Session Created: 226de650-89d3-11e4-9513-432947359aff
